2025-01-04T00:30:22.007+06:00  WARN 14736 --- [notion] [HikariPool-1 housekeeper] com.zaxxer.hikari.pool.HikariPool        : HikariPool-1 - Thread starvation or clock leap detected (housekeeper delta=2m24s59ms851µs400ns).
2025-01-04T00:52:57.328+06:00  WARN 14736 --- [notion] [HikariPool-1 housekeeper] com.zaxxer.hikari.pool.HikariPool        : HikariPool-1 - Thread starvation or clock leap detected (housekeeper delta=5m35s115ms334µs700ns).
2025-01-04T16:41:36.871+06:00  WARN 14736 --- [notion] [HikariPool-1 housekeeper] com.zaxxer.hikari.pool.HikariPool        : HikariPool-1 - Thread starvation or clock leap detected (housekeeper delta=15h47m12s708ms61µs200ns).
2025-01-04T21:22:32.680+06:00  WARN 14736 --- [notion] [HikariPool-1 housekeeper] com.zaxxer.hikari.pool.HikariPool        : HikariPool-1 - Thread starvation or clock leap detected (housekeeper delta=3h21m29s375ms489µs500ns).
2025-01-04T21:29:26.763+06:00  INFO 14736 --- [notion] [SpringApplicationShutdownHook] o.s.b.w.e.tomcat.GracefulShutdown        : Commencing graceful shutdown. Waiting for active requests to complete
2025-01-04T21:29:26.891+06:00  INFO 14736 --- [notion] [tomcat-shutdown] o.s.b.w.e.tomcat.GracefulShutdown        : Graceful shutdown complete
2025-01-04T21:29:27.061+06:00  INFO 14736 --- [notion] [SpringApplicationShutdownHook] j.LocalContainerEntityManagerFactoryBean : Closing JPA EntityManagerFactory for persistence unit 'default'
2025-01-04T21:29:27.252+06:00  INFO 14736 --- [notion] [SpringApplicationShutdownHook] com.zaxxer.hikari.HikariDataSource       : HikariPool-1 - Shutdown initiated...
2025-01-04T21:29:27.315+06:00  INFO 14736 --- [notion] [SpringApplicationShutdownHook] com.zaxxer.hikari.HikariDataSource       : HikariPool-1 - Shutdown completed.
2025-01-04T21:29:45.412+06:00  INFO 2528 --- [notion] [main] com.example.notion.NotionApplication     : Starting NotionApplication using Java 21.0.2 with PID 2528 (C:\Users\User\Desktop\notion\target\classes started by User in C:\Users\User\Desktop\notion)
2025-01-04T21:29:45.414+06:00  INFO 2528 --- [notion] [main] com.example.notion.NotionApplication     : No active profile set, falling back to 1 default profile: "default"
2025-01-04T21:29:46.302+06:00  INFO 2528 --- [notion] [main] .s.d.r.c.RepositoryConfigurationDelegate : Bootstrapping Spring Data JPA repositories in DEFAULT mode.
2025-01-04T21:29:46.365+06:00  INFO 2528 --- [notion] [main] .s.d.r.c.RepositoryConfigurationDelegate : Finished Spring Data repository scanning in 53 ms. Found 4 JPA repository interfaces.
2025-01-04T21:29:46.916+06:00  INFO 2528 --- [notion] [main] o.s.b.w.embedded.tomcat.TomcatWebServer  : Tomcat initialized with port 8089 (http)
2025-01-04T21:29:46.933+06:00  INFO 2528 --- [notion] [main] o.apache.catalina.core.StandardService   : Starting service [Tomcat]
2025-01-04T21:29:46.933+06:00  INFO 2528 --- [notion] [main] o.apache.catalina.core.StandardEngine    : Starting Servlet engine: [Apache Tomcat/10.1.33]
2025-01-04T21:29:47.006+06:00  INFO 2528 --- [notion] [main] o.a.c.c.C.[Tomcat].[localhost].[/]       : Initializing Spring embedded WebApplicationContext
2025-01-04T21:29:47.007+06:00  INFO 2528 --- [notion] [main] w.s.c.ServletWebServerApplicationContext : Root WebApplicationContext: initialization completed in 1538 ms
2025-01-04T21:29:47.183+06:00  INFO 2528 --- [notion] [main] com.zaxxer.hikari.HikariDataSource       : HikariPool-1 - Starting...
2025-01-04T21:29:47.379+06:00  INFO 2528 --- [notion] [main] com.zaxxer.hikari.pool.HikariPool        : HikariPool-1 - Added connection org.postgresql.jdbc.PgConnection@7cfb8e98
2025-01-04T21:29:47.381+06:00  INFO 2528 --- [notion] [main] com.zaxxer.hikari.HikariDataSource       : HikariPool-1 - Start completed.
2025-01-04T21:29:47.573+06:00  INFO 2528 --- [notion] [main] liquibase.database                       : Set default schema name to public
2025-01-04T21:29:47.862+06:00  INFO 2528 --- [notion] [main] liquibase.changelog                      : Reading resource: db/changelog/initial/003_insert_into_roles_and_users_tables.sql
2025-01-04T21:29:47.870+06:00  INFO 2528 --- [notion] [main] liquibase.changelog                      : Reading resource: db/changelog/initial/010_create_users.yml
2025-01-04T21:29:47.880+06:00  INFO 2528 --- [notion] [main] liquibase.changelog                      : Reading resource: db/changelog/initial/011_abstract.yml
2025-01-04T21:29:47.990+06:00  INFO 2528 --- [notion] [main] liquibase.changelog                      : Reading from public.databasechangelog
2025-01-04T21:29:48.061+06:00  INFO 2528 --- [notion] [main] liquibase.ui                             : Database is up to date, no changesets to execute
2025-01-04T21:29:48.064+06:00  INFO 2528 --- [notion] [main] liquibase.changelog                      : Reading from public.databasechangelog
2025-01-04T21:29:48.078+06:00  INFO 2528 --- [notion] [main] liquibase.util                           : UPDATE SUMMARY
2025-01-04T21:29:48.079+06:00  INFO 2528 --- [notion] [main] liquibase.util                           : Run:                          0
2025-01-04T21:29:48.079+06:00  INFO 2528 --- [notion] [main] liquibase.util                           : Previously run:               3
2025-01-04T21:29:48.079+06:00  INFO 2528 --- [notion] [main] liquibase.util                           : Filtered out:                 0
2025-01-04T21:29:48.079+06:00  INFO 2528 --- [notion] [main] liquibase.util                           : -------------------------------
2025-01-04T21:29:48.079+06:00  INFO 2528 --- [notion] [main] liquibase.util                           : Total change sets:            3
2025-01-04T21:29:48.080+06:00  INFO 2528 --- [notion] [main] liquibase.util                           : Update summary generated
2025-01-04T21:29:48.119+06:00  INFO 2528 --- [notion] [main] liquibase.lockservice                    : Successfully released change log lock
2025-01-04T21:29:48.123+06:00  INFO 2528 --- [notion] [main] liquibase.command                        : Command execution complete
2025-01-04T21:29:48.216+06:00  INFO 2528 --- [notion] [main] o.hibernate.jpa.internal.util.LogHelper  : HHH000204: Processing PersistenceUnitInfo [name: default]
2025-01-04T21:29:48.304+06:00  INFO 2528 --- [notion] [main] org.hibernate.Version                    : HHH000412: Hibernate ORM core version 6.6.2.Final
2025-01-04T21:29:48.364+06:00  INFO 2528 --- [notion] [main] o.h.c.internal.RegionFactoryInitiator    : HHH000026: Second-level cache disabled
2025-01-04T21:29:48.707+06:00  INFO 2528 --- [notion] [main] o.s.o.j.p.SpringPersistenceUnitInfo      : No LoadTimeWeaver setup: ignoring JPA class transformer
2025-01-04T21:29:48.788+06:00  INFO 2528 --- [notion] [main] org.hibernate.orm.connections.pooling    : HHH10001005: Database info:
	Database JDBC URL [Connecting through datasource 'HikariDataSource (HikariPool-1)']
	Database driver: undefined/unknown
	Database version: 16.3
	Autocommit mode: undefined/unknown
	Isolation level: undefined/unknown
	Minimum pool size: undefined/unknown
	Maximum pool size: undefined/unknown
2025-01-04T21:29:49.829+06:00  INFO 2528 --- [notion] [main] o.h.e.t.j.p.i.JtaPlatformInitiator       : HHH000489: No JTA platform available (set 'hibernate.transaction.jta.platform' to enable JTA platform integration)
2025-01-04T21:29:49.876+06:00  INFO 2528 --- [notion] [main] j.LocalContainerEntityManagerFactoryBean : Initialized JPA EntityManagerFactory for persistence unit 'default'
2025-01-04T21:29:50.334+06:00  WARN 2528 --- [notion] [main] JpaBaseConfiguration$JpaWebConfiguration : spring.jpa.open-in-view is enabled by default. Therefore, database queries may be performed during view rendering. Explicitly configure spring.jpa.open-in-view to disable this warning
2025-01-04T21:29:50.353+06:00  INFO 2528 --- [notion] [main] r$InitializeUserDetailsManagerConfigurer : Global AuthenticationManager configured with UserDetailsService bean with name authUserDetailsService
2025-01-04T21:29:51.062+06:00  INFO 2528 --- [notion] [main] o.s.b.w.embedded.tomcat.TomcatWebServer  : Tomcat started on port 8089 (http) with context path '/'
2025-01-04T21:29:51.071+06:00  INFO 2528 --- [notion] [main] com.example.notion.NotionApplication     : Started NotionApplication in 6.156 seconds (process running for 7.892)
2025-01-04T21:29:56.731+06:00  INFO 2528 --- [notion] [http-nio-8089-exec-1] o.a.c.c.C.[Tomcat].[localhost].[/]       : Initializing Spring DispatcherServlet 'dispatcherServlet'
2025-01-04T21:29:56.731+06:00  INFO 2528 --- [notion] [http-nio-8089-exec-1] o.s.web.servlet.DispatcherServlet        : Initializing Servlet 'dispatcherServlet'
2025-01-04T21:29:56.733+06:00  INFO 2528 --- [notion] [http-nio-8089-exec-1] o.s.web.servlet.DispatcherServlet        : Completed initialization in 2 ms
2025-01-04T21:30:03.531+06:00  INFO 2528 --- [notion] [http-nio-8089-exec-3] c.e.n.service.AuthUserDetailsService     : user with email: r@r.comfound successfully
2025-01-04T21:30:11.208+06:00  WARN 2528 --- [notion] [http-nio-8089-exec-2] o.s.web.servlet.PageNotFound             : No mapping for GET /css/style.css
2025-01-04T21:30:11.218+06:00  WARN 2528 --- [notion] [http-nio-8089-exec-2] o.s.web.servlet.PageNotFound             : No endpoint GET /css/style.css.
